<?xml version="1.0" encoding="UTF-8"?>
<!-- Generated by org.testng.reporters.JUnitXMLReporter -->
<testsuite hostname="LAPTOP-AUG5HGQL" ignored="0" name="Test" tests="7" failures="0" timestamp="07 Dec 2020 19:28:52 GMT" time="177.05" errors="0">
  <testcase name="CaptureScreenshot" time="27.659" classname="utils.Screenshots"/>
  <testcase name="verifyESS" time="22.904" classname="utils.ESS"/>
  <testcase name="test1" time="32.612" classname="utils.ExcelDataProvider"/>
  <testcase name="test1" time="20.567" classname="utils.ExcelDataProvider"/>
  <testcase name="test1" time="18.694" classname="utils.ExcelDataProvider"/>
  <testcase name="test1" time="16.437" classname="utils.ExcelDataProvider"/>
  <testcase name="LoginTest" time="1.359" classname="utils.ExtentReportsResult"/>
</testsuite> <!-- Test -->
